[0m2022.01.07 01:16:20 INFO  Started: Metals version 0.10.9 in workspace '/home/thepfarrer/Desktop/FullStack-Projects' for client Visual Studio Code 1.63.2.[0m
[0m2022.01.07 01:16:22 INFO  time: initialize in 1.94s[0m
[0m2022.01.07 01:16:23 WARN  Build server is not auto-connectable.[0m
[0m2022.01.07 01:16:23 WARN  no build tool detected in workspace '/home/thepfarrer/Desktop/FullStack-Projects'. The most common cause for this problem is that the editor was opened in the wrong working directory, for example if you use sbt then the workspace directory should contain build.sbt. [0m
[0m2022.01.07 01:16:52 INFO  [0m
[0m2022.01.07 01:16:52 INFO  Template applied in /home/thepfarrer/Desktop/FullStack-Projects/social_media/./backend[0m
[0m2022.01.07 01:16:52 INFO  [0m
[0m2022.01.07 01:16:52 INFO  time: ran 'giter8.Giter8' in 5.14s[0m
[0m2022.01.07 01:23:54 WARN  no build target for: /home/thepfarrer/Desktop/FullStack-Projects/social_media/backend/app/controllers/HomeController.scala[0m
[0m2022.01.07 01:23:57 INFO  no build target: using presentation compiler with only scala-library: 3.1.0[0m
[0m2022.01.07 01:24:01 INFO  time: code lens generation in 6.12s[0m
[0m2022.01.07 01:24:01 INFO  time: code lens generation in 4.66s[0m
[0m2022.01.07 01:24:24 WARN  no build target for: /home/thepfarrer/Desktop/FullStack-Projects/social_media/backend/app/controllers/HelloController.scala[0m
[0m2022.01.07 01:24:30 WARN  no build target for: /home/thepfarrer/Desktop/FullStack-Projects/social_media/backend/app/controllers/HelloController.scala[0m
[0m2022.01.07 01:24:32 WARN  no build target for: /home/thepfarrer/Desktop/FullStack-Projects/social_media/backend/app/controllers/HelloController.scala[0m
[0m2022.01.07 01:24:34 WARN  no build target for: /home/thepfarrer/Desktop/FullStack-Projects/social_media/backend/app/controllers/HelloController.scala[0m
[0m2022.01.07 01:24:39 WARN  no build target for: /home/thepfarrer/Desktop/FullStack-Projects/social_media/backend/app/controllers/HelloController.scala[0m
[0m2022.01.07 01:24:42 WARN  no build target for: /home/thepfarrer/Desktop/FullStack-Projects/social_media/backend/app/controllers/HelloController.scala[0m
[0m2022.01.07 01:24:44 WARN  no build target for: /home/thepfarrer/Desktop/FullStack-Projects/social_media/backend/app/controllers/HelloController.scala[0m
[0m2022.01.07 01:24:45 WARN  no build target for: /home/thepfarrer/Desktop/FullStack-Projects/social_media/backend/app/controllers/HelloController.scala[0m
[0m2022.01.07 01:24:47 WARN  no build target for: /home/thepfarrer/Desktop/FullStack-Projects/social_media/backend/app/controllers/HelloController.scala[0m
[0m2022.01.07 01:24:52 WARN  no build target for: /home/thepfarrer/Desktop/FullStack-Projects/social_media/backend/app/controllers/HelloController.scala[0m
[0m2022.01.07 01:24:54 WARN  no build target for: /home/thepfarrer/Desktop/FullStack-Projects/social_media/backend/app/controllers/HelloController.scala[0m
[0m2022.01.07 01:24:56 WARN  no build target for: /home/thepfarrer/Desktop/FullStack-Projects/social_media/backend/app/controllers/HelloController.scala[0m
[0m2022.01.07 01:25:02 WARN  no build target for: /home/thepfarrer/Desktop/FullStack-Projects/social_media/backend/app/controllers/HelloController.scala[0m
[0m2022.01.07 01:25:04 WARN  no build target for: /home/thepfarrer/Desktop/FullStack-Projects/social_media/backend/app/controllers/HelloController.scala[0m
[0m2022.01.07 01:25:07 WARN  no build target for: /home/thepfarrer/Desktop/FullStack-Projects/social_media/backend/app/controllers/HelloController.scala[0m
[0m2022.01.07 01:25:08 WARN  no build target for: /home/thepfarrer/Desktop/FullStack-Projects/social_media/backend/app/controllers/HelloController.scala[0m
[0m2022.01.07 01:25:15 WARN  no build target for: /home/thepfarrer/Desktop/FullStack-Projects/social_media/backend/app/controllers/HelloController.scala[0m
[0m2022.01.07 01:25:19 WARN  no build target for: /home/thepfarrer/Desktop/FullStack-Projects/social_media/backend/app/controllers/HelloController.scala[0m
[0m2022.01.07 01:25:20 WARN  no build target for: /home/thepfarrer/Desktop/FullStack-Projects/social_media/backend/app/controllers/HelloController.scala[0m
[0m2022.01.07 01:25:23 WARN  no build target for: /home/thepfarrer/Desktop/FullStack-Projects/social_media/backend/app/controllers/HelloController.scala[0m
[0m2022.01.07 01:25:29 WARN  no build target for: /home/thepfarrer/Desktop/FullStack-Projects/social_media/backend/app/controllers/HelloController.scala[0m
[0m2022.01.07 01:25:32 WARN  no build target for: /home/thepfarrer/Desktop/FullStack-Projects/social_media/backend/app/controllers/HelloController.scala[0m
[0m2022.01.07 01:25:35 WARN  no build target for: /home/thepfarrer/Desktop/FullStack-Projects/social_media/backend/app/controllers/HelloController.scala[0m
[0m2022.01.07 01:25:37 WARN  no build target for: /home/thepfarrer/Desktop/FullStack-Projects/social_media/backend/app/controllers/HelloController.scala[0m
[0m2022.01.07 01:25:39 WARN  no build target for: /home/thepfarrer/Desktop/FullStack-Projects/social_media/backend/app/controllers/HelloController.scala[0m
[0m2022.01.07 01:25:41 WARN  no build target for: /home/thepfarrer/Desktop/FullStack-Projects/social_media/backend/app/controllers/HelloController.scala[0m
[0m2022.01.07 01:25:43 WARN  no build target for: /home/thepfarrer/Desktop/FullStack-Projects/social_media/backend/app/controllers/HelloController.scala[0m
[0m2022.01.07 01:25:45 WARN  no build target for: /home/thepfarrer/Desktop/FullStack-Projects/social_media/backend/app/controllers/HelloController.scala[0m
[0m2022.01.07 01:25:47 WARN  no build target for: /home/thepfarrer/Desktop/FullStack-Projects/social_media/backend/app/controllers/HelloController.scala[0m
[0m2022.01.07 01:25:52 WARN  no build target for: /home/thepfarrer/Desktop/FullStack-Projects/social_media/backend/app/controllers/HelloController.scala[0m
[0m2022.01.07 01:25:57 WARN  no build target for: /home/thepfarrer/Desktop/FullStack-Projects/social_media/backend/app/controllers/HelloController.scala[0m
[0m2022.01.07 01:25:59 WARN  no build target for: /home/thepfarrer/Desktop/FullStack-Projects/social_media/backend/app/controllers/HelloController.scala[0m
[0m2022.01.07 01:26:05 WARN  no build target for: /home/thepfarrer/Desktop/FullStack-Projects/social_media/backend/app/controllers/HelloController.scala[0m
[0m2022.01.07 01:26:07 WARN  no build target for: /home/thepfarrer/Desktop/FullStack-Projects/social_media/backend/app/controllers/HelloController.scala[0m
[0m2022.01.07 01:26:08 WARN  no build target for: /home/thepfarrer/Desktop/FullStack-Projects/social_media/backend/app/controllers/HelloController.scala[0m
[0m2022.01.07 01:26:22 WARN  no build target for: /home/thepfarrer/Desktop/FullStack-Projects/social_media/backend/app/controllers/HelloController.scala[0m
[0m2022.01.07 01:26:25 WARN  no build target for: /home/thepfarrer/Desktop/FullStack-Projects/social_media/backend/app/controllers/HelloController.scala[0m
Jan 07, 2022 1:26:37 AM org.eclipse.lsp4j.jsonrpc.RemoteEndpoint fallbackResponseError
SEVERE: Internal error: java.lang.reflect.InvocationTargetException
java.lang.RuntimeException: java.lang.reflect.InvocationTargetException
	at org.eclipse.lsp4j.jsonrpc.services.GenericEndpoint.lambda$null$0(GenericEndpoint.java:67)
	at org.eclipse.lsp4j.jsonrpc.services.GenericEndpoint.request(GenericEndpoint.java:120)
	at org.eclipse.lsp4j.jsonrpc.RemoteEndpoint.handleRequest(RemoteEndpoint.java:261)
	at org.eclipse.lsp4j.jsonrpc.RemoteEndpoint.consume(RemoteEndpoint.java:190)
	at org.eclipse.lsp4j.jsonrpc.json.StreamMessageProducer.handleMessage(StreamMessageProducer.java:194)
	at org.eclipse.lsp4j.jsonrpc.json.StreamMessageProducer.listen(StreamMessageProducer.java:94)
	at org.eclipse.lsp4j.jsonrpc.json.ConcurrentMessageProcessor.run(ConcurrentMessageProcessor.java:113)
	at java.base/java.util.concurrent.Executors$RunnableAdapter.call(Executors.java:515)
	at java.base/java.util.concurrent.FutureTask.run(FutureTask.java:264)
	at java.base/java.util.concurrent.ThreadPoolExecutor.runWorker(ThreadPoolExecutor.java:1128)
	at java.base/java.util.concurrent.ThreadPoolExecutor$Worker.run(ThreadPoolExecutor.java:628)
	at java.base/java.lang.Thread.run(Thread.java:829)
Caused by: java.lang.reflect.InvocationTargetException
	at jdk.internal.reflect.GeneratedMethodAccessor7.invoke(Unknown Source)
	at java.base/jdk.internal.reflect.DelegatingMethodAccessorImpl.invoke(DelegatingMethodAccessorImpl.java:43)
	at java.base/java.lang.reflect.Method.invoke(Method.java:566)
	at org.eclipse.lsp4j.jsonrpc.services.GenericEndpoint.lambda$null$0(GenericEndpoint.java:65)
	... 11 more
Caused by: java.lang.IllegalArgumentException: 11 is not a valid line number, allowed [0..10]
	at scala.meta.internal.inputs.InternalInput.lineToOffset(InternalInput.scala:37)
	at scala.meta.internal.inputs.InternalInput.lineToOffset$(InternalInput.scala:32)
	at scala.meta.inputs.Input$VirtualFile.lineToOffset(Input.scala:80)
	at scala.meta.inputs.Position$Range$.apply(Position.scala:59)
	at scala.meta.internal.mtags.MtagsEnrichments$XtensionPositionLspInverse.toMeta(MtagsEnrichments.scala:133)
	at scala.meta.internal.parsing.Trees.$anonfun$findLastEnclosingAt$4(Trees.scala:77)
	at scala.Option.flatMap(Option.scala:271)
	at scala.meta.internal.parsing.Trees.findLastEnclosingAt(Trees.scala:76)
	at scala.meta.internal.metals.codeactions.PatternMatchRefactor.contribute(PatternMatchRefactor.scala:96)
	at scala.meta.internal.metals.CodeActionProvider$$anonfun$1.applyOrElse(CodeActionProvider.scala:62)
	at scala.meta.internal.metals.CodeActionProvider$$anonfun$1.applyOrElse(CodeActionProvider.scala:61)
	at scala.collection.immutable.List.collect(List.scala:323)
	at scala.meta.internal.metals.CodeActionProvider.codeActions(CodeActionProvider.scala:61)
	at scala.meta.internal.metals.MetalsLanguageServer.$anonfun$codeAction$1(MetalsLanguageServer.scala:1555)
	at scala.meta.internal.metals.CancelTokens$.future(CancelTokens.scala:38)
	at scala.meta.internal.metals.MetalsLanguageServer.codeAction(MetalsLanguageServer.scala:1554)
	... 15 more

[0m2022.01.07 01:26:40 WARN  no build target for: /home/thepfarrer/Desktop/FullStack-Projects/social_media/backend/app/controllers/HelloController.scala[0m
[0m2022.01.07 01:26:47 WARN  no build target for: /home/thepfarrer/Desktop/FullStack-Projects/social_media/backend/app/controllers/HelloController.scala[0m
[0m2022.01.07 01:27:05 WARN  no build target for: /home/thepfarrer/Desktop/FullStack-Projects/social_media/backend/app/controllers/HelloController.scala[0m
[0m2022.01.07 01:27:29 WARN  no build target for: /home/thepfarrer/Desktop/FullStack-Projects/social_media/backend/app/controllers/HelloController.scala[0m
[0m2022.01.07 01:27:35 WARN  no build target for: /home/thepfarrer/Desktop/FullStack-Projects/social_media/backend/app/controllers/HelloController.scala[0m
[0m2022.01.07 01:27:38 WARN  no build target for: /home/thepfarrer/Desktop/FullStack-Projects/social_media/backend/app/controllers/HelloController.scala[0m
[0m2022.01.07 01:27:43 WARN  no build target for: /home/thepfarrer/Desktop/FullStack-Projects/social_media/backend/app/controllers/HelloController.scala[0m
[0m2022.01.07 01:27:47 WARN  no build target for: /home/thepfarrer/Desktop/FullStack-Projects/social_media/backend/app/controllers/HelloController.scala[0m
[0m2022.01.07 01:27:48 WARN  no build target for: /home/thepfarrer/Desktop/FullStack-Projects/social_media/backend/app/controllers/HelloController.scala[0m
[0m2022.01.07 01:27:51 WARN  no build target for: /home/thepfarrer/Desktop/FullStack-Projects/social_media/backend/app/controllers/HelloController.scala[0m
[0m2022.01.07 01:27:53 WARN  no build target for: /home/thepfarrer/Desktop/FullStack-Projects/social_media/backend/app/controllers/HelloController.scala[0m
[0m2022.01.07 01:28:06 WARN  no build target for: /home/thepfarrer/Desktop/FullStack-Projects/social_media/backend/app/controllers/HelloController.scala[0m
[0m2022.01.07 01:28:08 WARN  no build target for: /home/thepfarrer/Desktop/FullStack-Projects/social_media/backend/app/controllers/HelloController.scala[0m
[0m2022.01.07 01:28:11 WARN  no build target for: /home/thepfarrer/Desktop/FullStack-Projects/social_media/backend/app/controllers/HelloController.scala[0m
[0m2022.01.07 01:28:17 WARN  no build target for: /home/thepfarrer/Desktop/FullStack-Projects/social_media/backend/app/controllers/HelloController.scala[0m
[0m2022.01.07 01:28:19 WARN  no build target for: /home/thepfarrer/Desktop/FullStack-Projects/social_media/backend/app/controllers/HelloController.scala[0m
[0m2022.01.07 01:28:23 WARN  no build target for: /home/thepfarrer/Desktop/FullStack-Projects/social_media/backend/app/controllers/HelloController.scala[0m
[0m2022.01.07 01:28:26 WARN  no build target for: /home/thepfarrer/Desktop/FullStack-Projects/social_media/backend/app/controllers/HelloController.scala[0m
[0m2022.01.07 01:28:34 WARN  no build target for: /home/thepfarrer/Desktop/FullStack-Projects/social_media/backend/app/controllers/HelloController.scala[0m
[0m2022.01.07 01:28:38 WARN  no build target for: /home/thepfarrer/Desktop/FullStack-Projects/social_media/backend/app/controllers/HelloController.scala[0m
[0m2022.01.07 01:28:42 WARN  no build target for: /home/thepfarrer/Desktop/FullStack-Projects/social_media/backend/app/controllers/HelloController.scala[0m
[0m2022.01.07 01:28:44 WARN  no build target for: /home/thepfarrer/Desktop/FullStack-Projects/social_media/backend/app/controllers/HelloController.scala[0m
[0m2022.01.07 01:28:47 WARN  no build target for: /home/thepfarrer/Desktop/FullStack-Projects/social_media/backend/app/controllers/HelloController.scala[0m
[0m2022.01.07 01:28:50 WARN  no build target for: /home/thepfarrer/Desktop/FullStack-Projects/social_media/backend/app/controllers/HelloController.scala[0m
[0m2022.01.07 01:28:51 WARN  no build target for: /home/thepfarrer/Desktop/FullStack-Projects/social_media/backend/app/controllers/HelloController.scala[0m
[0m2022.01.07 01:28:53 WARN  no build target for: /home/thepfarrer/Desktop/FullStack-Projects/social_media/backend/app/controllers/HelloController.scala[0m
Default dialect is deprecated; use explicit: [Scala211,scala212,Scala212Source3,scala213,Scala213Source3,Sbt0137,Sbt1,scala3]
Also see https://scalameta.org/scalafmt/docs/configuration.html#scala-dialects"
[0m2022.01.07 01:29:06 WARN  no build target for: /home/thepfarrer/Desktop/FullStack-Projects/social_media/backend/app/controllers/HelloController.scala[0m
Jan 07, 2022 1:31:56 AM org.eclipse.lsp4j.jsonrpc.RemoteEndpoint handleCancellation
WARNING: Unmatched cancel notification for request id 670
[0m2022.01.07 01:32:01 WARN  no build target for: /home/thepfarrer/Desktop/FullStack-Projects/social_media/backend/app/controllers/HelloController.scala[0m
[0m2022.01.07 01:34:13 WARN  no build target for: /home/thepfarrer/Desktop/FullStack-Projects/social_media/backend/app/controllers/HelloController.scala[0m
[0m2022.01.07 01:38:28 WARN  no build target for: /home/thepfarrer/Desktop/FullStack-Projects/social_media/backend/build.sbt[0m
[0m2022.01.07 02:11:10 WARN  no build target for: /home/thepfarrer/Desktop/FullStack-Projects/social_media/backend/build.sbt[0m
[0m2022.01.07 02:11:12 WARN  no build target for: /home/thepfarrer/Desktop/FullStack-Projects/social_media/backend/build.sbt[0m
[0m2022.01.07 02:11:28 WARN  no build target for: /home/thepfarrer/Desktop/FullStack-Projects/social_media/backend/build.sbt[0m
[0m2022.01.07 02:11:32 WARN  no build target for: /home/thepfarrer/Desktop/FullStack-Projects/social_media/backend/build.sbt[0m
[0m2022.01.07 02:11:34 WARN  no build target for: /home/thepfarrer/Desktop/FullStack-Projects/social_media/backend/build.sbt[0m
[0m2022.01.07 02:11:35 WARN  no build target for: /home/thepfarrer/Desktop/FullStack-Projects/social_media/backend/build.sbt[0m
[0m2022.01.07 02:11:39 WARN  no build target for: /home/thepfarrer/Desktop/FullStack-Projects/social_media/backend/build.sbt[0m
[0m2022.01.07 02:11:42 WARN  no build target for: /home/thepfarrer/Desktop/FullStack-Projects/social_media/backend/build.sbt[0m
[0m2022.01.07 02:11:43 WARN  no build target for: /home/thepfarrer/Desktop/FullStack-Projects/social_media/backend/build.sbt[0m
[0m2022.01.07 02:11:45 WARN  no build target for: /home/thepfarrer/Desktop/FullStack-Projects/social_media/backend/build.sbt[0m
[0m2022.01.07 02:13:09 WARN  no build target for: /home/thepfarrer/Desktop/FullStack-Projects/social_media/backend/build.sbt[0m
[0m2022.01.07 02:13:15 WARN  no build target for: /home/thepfarrer/Desktop/FullStack-Projects/social_media/backend/build.sbt[0m
[0m2022.01.07 02:13:17 WARN  no build target for: /home/thepfarrer/Desktop/FullStack-Projects/social_media/backend/build.sbt[0m
[0m2022.01.07 02:13:24 WARN  no build target for: /home/thepfarrer/Desktop/FullStack-Projects/social_media/backend/build.sbt[0m
[0m2022.01.07 02:13:26 WARN  no build target for: /home/thepfarrer/Desktop/FullStack-Projects/social_media/backend/build.sbt[0m
[0m2022.01.07 02:13:27 WARN  no build target for: /home/thepfarrer/Desktop/FullStack-Projects/social_media/backend/build.sbt[0m
[0m2022.01.07 02:22:36 WARN  no build target for: /home/thepfarrer/Desktop/FullStack-Projects/social_media/backend/build.sbt[0m
[0m2022.01.07 02:22:38 WARN  no build target for: /home/thepfarrer/Desktop/FullStack-Projects/social_media/backend/build.sbt[0m
Jan 07, 2022 2:22:47 AM org.eclipse.lsp4j.jsonrpc.RemoteEndpoint handleCancellation
WARNING: Unmatched cancel notification for request id 847
[0m2022.01.07 02:22:50 WARN  no build target for: /home/thepfarrer/Desktop/FullStack-Projects/social_media/backend/build.sbt[0m
[0m2022.01.07 02:22:57 WARN  no build target for: /home/thepfarrer/Desktop/FullStack-Projects/social_media/backend/build.sbt[0m
[0m2022.01.07 02:23:10 WARN  no build target for: /home/thepfarrer/Desktop/FullStack-Projects/social_media/backend/build.sbt[0m
[0m2022.01.07 02:23:14 WARN  no build target for: /home/thepfarrer/Desktop/FullStack-Projects/social_media/backend/build.sbt[0m
[0m2022.01.07 02:23:16 WARN  no build target for: /home/thepfarrer/Desktop/FullStack-Projects/social_media/backend/build.sbt[0m
[0m2022.01.07 02:47:20 WARN  no build target for: /home/thepfarrer/Desktop/FullStack-Projects/social_media/backend/app/controllers/HelloController.scala[0m
[0m2022.01.07 02:47:21 WARN  no build target for: /home/thepfarrer/Desktop/FullStack-Projects/social_media/backend/app/controllers/HelloController.scala[0m
[0m2022.01.07 02:47:23 WARN  no build target for: /home/thepfarrer/Desktop/FullStack-Projects/social_media/backend/app/controllers/HelloController.scala[0m
[0m2022.01.07 02:47:28 WARN  no build target for: /home/thepfarrer/Desktop/FullStack-Projects/social_media/backend/app/controllers/HelloController.scala[0m
[0m2022.01.07 02:47:29 WARN  no build target for: /home/thepfarrer/Desktop/FullStack-Projects/social_media/backend/app/controllers/HelloController.scala[0m
[0m2022.01.07 02:56:18 WARN  no build target for: /home/thepfarrer/Desktop/FullStack-Projects/social_media/backend/app/models/User.scala[0m
[0m2022.01.07 02:56:38 WARN  no build target for: /home/thepfarrer/Desktop/FullStack-Projects/social_media/backend/app/models/package.scala[0m
Jan 07, 2022 2:56:47 AM org.eclipse.lsp4j.jsonrpc.RemoteEndpoint fallbackResponseError
SEVERE: Internal error: java.nio.file.FileAlreadyExistsException: The file /home/thepfarrer/Desktop/FullStack-Projects/social_media/backend/app/models/User.scala already exists.
java.util.concurrent.CompletionException: java.nio.file.FileAlreadyExistsException: The file /home/thepfarrer/Desktop/FullStack-Projects/social_media/backend/app/models/User.scala already exists.
	at java.base/java.util.concurrent.CompletableFuture.encodeThrowable(CompletableFuture.java:331)
	at java.base/java.util.concurrent.CompletableFuture.completeThrowable(CompletableFuture.java:346)
	at java.base/java.util.concurrent.CompletableFuture$UniAccept.tryFire(CompletableFuture.java:704)
	at java.base/java.util.concurrent.CompletableFuture.postComplete(CompletableFuture.java:506)
	at java.base/java.util.concurrent.CompletableFuture.completeExceptionally(CompletableFuture.java:2088)
	at scala.concurrent.java8.FuturesConvertersImpl$CF.apply(FutureConvertersImpl.scala:29)
	at scala.concurrent.java8.FuturesConvertersImpl$CF.apply(FutureConvertersImpl.scala:26)
	at scala.concurrent.impl.CallbackRunnable.run(Promise.scala:64)
	at scala.concurrent.BatchingExecutor$Batch.processBatch$1(BatchingExecutor.scala:67)
	at scala.concurrent.BatchingExecutor$Batch.$anonfun$run$1(BatchingExecutor.scala:82)
	at scala.runtime.java8.JFunction0$mcV$sp.apply(JFunction0$mcV$sp.java:23)
	at scala.concurrent.BlockContext$.withBlockContext(BlockContext.scala:85)
	at scala.concurrent.BatchingExecutor$Batch.run(BatchingExecutor.scala:59)
	at scala.concurrent.Future$InternalCallbackExecutor$.unbatchedExecute(Future.scala:875)
	at scala.concurrent.BatchingExecutor.execute(BatchingExecutor.scala:110)
	at scala.concurrent.BatchingExecutor.execute$(BatchingExecutor.scala:107)
	at scala.concurrent.Future$InternalCallbackExecutor$.execute(Future.scala:873)
	at scala.concurrent.impl.CallbackRunnable.executeWithValue(Promise.scala:72)
	at scala.concurrent.impl.Promise$DefaultPromise.$anonfun$tryComplete$1(Promise.scala:288)
	at scala.concurrent.impl.Promise$DefaultPromise.$anonfun$tryComplete$1$adapted(Promise.scala:288)
	at scala.concurrent.impl.Promise$DefaultPromise.tryComplete(Promise.scala:288)
	at scala.concurrent.Promise.complete(Promise.scala:53)
	at scala.concurrent.Promise.complete$(Promise.scala:52)
	at scala.concurrent.impl.Promise$DefaultPromise.complete(Promise.scala:187)
	at scala.concurrent.impl.Promise.$anonfun$transform$1(Promise.scala:33)
	at scala.concurrent.impl.CallbackRunnable.run(Promise.scala:64)
	at java.base/java.util.concurrent.ThreadPoolExecutor.runWorker(ThreadPoolExecutor.java:1128)
	at java.base/java.util.concurrent.ThreadPoolExecutor$Worker.run(ThreadPoolExecutor.java:628)
	at java.base/java.lang.Thread.run(Thread.java:829)
Caused by: java.nio.file.FileAlreadyExistsException: The file /home/thepfarrer/Desktop/FullStack-Projects/social_media/backend/app/models/User.scala already exists.
	at scala.meta.internal.metals.newScalaFile.NewFileProvider.createFileAndWriteText(NewFileProvider.scala:207)
	at scala.meta.internal.metals.newScalaFile.NewFileProvider.createClass(NewFileProvider.scala:167)
	at scala.meta.internal.metals.newScalaFile.NewFileProvider.$anonfun$createFile$1(NewFileProvider.scala:81)
	at scala.meta.internal.metals.MetalsEnrichments$OptionFutureTransformer.$anonfun$mapOption$3(MetalsEnrichments.scala:842)
	at scala.Option.fold(Option.scala:251)
	at scala.meta.internal.metals.MetalsEnrichments$OptionFutureTransformer.$anonfun$mapOption$1(MetalsEnrichments.scala:842)
	at scala.concurrent.Future.$anonfun$flatMap$1(Future.scala:307)
	at scala.concurrent.impl.Promise.$anonfun$transformWith$1(Promise.scala:41)
	... 4 more

[0m2022.01.07 02:56:47 ERROR Cannot create file
java.nio.file.FileAlreadyExistsException: The file /home/thepfarrer/Desktop/FullStack-Projects/social_media/backend/app/models/User.scala already exists.
	at scala.meta.internal.metals.newScalaFile.NewFileProvider.createFileAndWriteText(NewFileProvider.scala:207)
	at scala.meta.internal.metals.newScalaFile.NewFileProvider.createClass(NewFileProvider.scala:167)
	at scala.meta.internal.metals.newScalaFile.NewFileProvider.$anonfun$createFile$1(NewFileProvider.scala:81)
	at scala.meta.internal.metals.MetalsEnrichments$OptionFutureTransformer.$anonfun$mapOption$3(MetalsEnrichments.scala:842)
	at scala.Option.fold(Option.scala:251)
	at scala.meta.internal.metals.MetalsEnrichments$OptionFutureTransformer.$anonfun$mapOption$1(MetalsEnrichments.scala:842)
	at scala.concurrent.Future.$anonfun$flatMap$1(Future.scala:307)
	at scala.concurrent.impl.Promise.$anonfun$transformWith$1(Promise.scala:41)
	at scala.concurrent.impl.CallbackRunnable.run(Promise.scala:64)
	at java.util.concurrent.ThreadPoolExecutor.runWorker(ThreadPoolExecutor.java:1128)
	at java.util.concurrent.ThreadPoolExecutor$Worker.run(ThreadPoolExecutor.java:628)
	at java.lang.Thread.run(Thread.java:829)
[0m
[0m2022.01.07 02:57:01 WARN  no build target for: /home/thepfarrer/Desktop/FullStack-Projects/social_media/backend/app/models/User.scala[0m
[0m2022.01.07 02:57:05 WARN  no build target for: /home/thepfarrer/Desktop/FullStack-Projects/social_media/backend/app/models/User.scala[0m
[0m2022.01.07 02:57:09 WARN  no build target for: /home/thepfarrer/Desktop/FullStack-Projects/social_media/backend/app/models/User.scala[0m
[0m2022.01.07 02:57:11 WARN  no build target for: /home/thepfarrer/Desktop/FullStack-Projects/social_media/backend/app/models/User.scala[0m
[0m2022.01.07 02:57:37 WARN  no build target for: /home/thepfarrer/Desktop/FullStack-Projects/social_media/backend/app/models/User.scala[0m
[0m2022.01.07 02:57:38 WARN  no build target for: /home/thepfarrer/Desktop/FullStack-Projects/social_media/backend/app/models/User.scala[0m
[0m2022.01.07 02:58:03 WARN  no build target for: /home/thepfarrer/Desktop/FullStack-Projects/social_media/backend/app/models/User.scala[0m
[0m2022.01.07 02:58:06 WARN  no build target for: /home/thepfarrer/Desktop/FullStack-Projects/social_media/backend/app/models/User.scala[0m
[0m2022.01.07 02:58:09 WARN  no build target for: /home/thepfarrer/Desktop/FullStack-Projects/social_media/backend/app/models/User.scala[0m
[0m2022.01.07 02:58:11 WARN  no build target for: /home/thepfarrer/Desktop/FullStack-Projects/social_media/backend/app/models/User.scala[0m
[0m2022.01.07 02:58:14 WARN  no build target for: /home/thepfarrer/Desktop/FullStack-Projects/social_media/backend/app/models/User.scala[0m
[0m2022.01.07 02:58:17 WARN  no build target for: /home/thepfarrer/Desktop/FullStack-Projects/social_media/backend/app/models/User.scala[0m
[0m2022.01.07 02:58:18 WARN  no build target for: /home/thepfarrer/Desktop/FullStack-Projects/social_media/backend/app/models/User.scala[0m
[0m2022.01.07 02:58:22 WARN  no build target for: /home/thepfarrer/Desktop/FullStack-Projects/social_media/backend/app/models/User.scala[0m
[0m2022.01.07 02:58:23 WARN  no build target for: /home/thepfarrer/Desktop/FullStack-Projects/social_media/backend/app/models/User.scala[0m
[0m2022.01.07 02:58:27 WARN  no build target for: /home/thepfarrer/Desktop/FullStack-Projects/social_media/backend/app/models/User.scala[0m
[0m2022.01.07 02:58:36 WARN  no build target for: /home/thepfarrer/Desktop/FullStack-Projects/social_media/backend/app/models/User.scala[0m
[0m2022.01.07 02:58:38 WARN  no build target for: /home/thepfarrer/Desktop/FullStack-Projects/social_media/backend/app/models/User.scala[0m
[0m2022.01.07 02:58:39 WARN  no build target for: /home/thepfarrer/Desktop/FullStack-Projects/social_media/backend/app/models/User.scala[0m
[0m2022.01.07 02:58:42 WARN  no build target for: /home/thepfarrer/Desktop/FullStack-Projects/social_media/backend/app/models/User.scala[0m
[0m2022.01.07 02:58:46 WARN  no build target for: /home/thepfarrer/Desktop/FullStack-Projects/social_media/backend/app/models/User.scala[0m
[0m2022.01.07 02:58:49 WARN  no build target for: /home/thepfarrer/Desktop/FullStack-Projects/social_media/backend/app/models/User.scala[0m
[0m2022.01.07 02:58:51 WARN  no build target for: /home/thepfarrer/Desktop/FullStack-Projects/social_media/backend/app/models/User.scala[0m
[0m2022.01.07 02:58:52 WARN  no build target for: /home/thepfarrer/Desktop/FullStack-Projects/social_media/backend/app/models/User.scala[0m
[0m2022.01.07 02:58:54 WARN  no build target for: /home/thepfarrer/Desktop/FullStack-Projects/social_media/backend/app/models/User.scala[0m
[0m2022.01.07 02:59:00 WARN  no build target for: /home/thepfarrer/Desktop/FullStack-Projects/social_media/backend/app/models/User.scala[0m
[0m2022.01.07 02:59:36 WARN  no build target for: /home/thepfarrer/Desktop/FullStack-Projects/social_media/backend/app/models/User.scala[0m
[0m2022.01.07 02:59:43 WARN  no build target for: /home/thepfarrer/Desktop/FullStack-Projects/social_media/backend/app/models/User.scala[0m
[0m2022.01.07 02:59:45 WARN  no build target for: /home/thepfarrer/Desktop/FullStack-Projects/social_media/backend/app/models/User.scala[0m
[0m2022.01.07 03:01:04 WARN  no build target for: /home/thepfarrer/Desktop/FullStack-Projects/social_media/backend/app/models/User.scala[0m
[0m2022.01.07 03:01:07 WARN  no build target for: /home/thepfarrer/Desktop/FullStack-Projects/social_media/backend/app/models/User.scala[0m
[0m2022.01.07 03:01:13 WARN  no build target for: /home/thepfarrer/Desktop/FullStack-Projects/social_media/backend/app/models/User.scala[0m
[0m2022.01.07 03:01:19 WARN  no build target for: /home/thepfarrer/Desktop/FullStack-Projects/social_media/backend/app/models/User.scala[0m
[0m2022.01.07 03:01:27 WARN  no build target for: /home/thepfarrer/Desktop/FullStack-Projects/social_media/backend/app/models/User.scala[0m
[0m2022.01.07 03:01:29 WARN  no build target for: /home/thepfarrer/Desktop/FullStack-Projects/social_media/backend/app/models/User.scala[0m
[0m2022.01.07 03:01:32 WARN  no build target for: /home/thepfarrer/Desktop/FullStack-Projects/social_media/backend/app/models/User.scala[0m
[0m2022.01.07 03:02:39 WARN  no build target for: /home/thepfarrer/Desktop/FullStack-Projects/social_media/backend/app/models/User.scala[0m
[0m2022.01.07 03:02:41 WARN  no build target for: /home/thepfarrer/Desktop/FullStack-Projects/social_media/backend/app/models/User.scala[0m
[0m2022.01.07 03:29:38 WARN  no build target for: /home/thepfarrer/Desktop/FullStack-Projects/social_media/backend/app/controllers/HomeController.scala[0m
